Using pre-set license
Built from '2020.3/staging' branch; Version is '2020.3.3f1 (76626098c1c4) revision 7758432'; Using compiler version '192528614'; Build Type 'Release'
OS: 'Windows 10 Pro; OS build 19042.928; Version 2009; 64bit' Language: 'ru' Physical Memory: 8052 MB
BatchMode: 1, IsHumanControllingUs: 0, StartBugReporterOnCrash: 0, Is64bit: 1, IsPro: 0

 COMMAND LINE ARGUMENTS:
D:\Projects\Unity\2020.3.3f1\2020.3.3f1\Editor\Unity.exe
-adb2
-batchMode
-noUpm
-name
AssetImportWorker1
-projectPath
D:/Projects/Unity/Projects/UnityHomeInterior
-logFile
Logs/AssetImportWorker1.log
-srvPort
55989
Successfully changed project path to: D:/Projects/Unity/Projects/UnityHomeInterior
D:/Projects/Unity/Projects/UnityHomeInterior
Using Asset Import Pipeline V2.
Refreshing native plugins compatible for Editor in 33.33 ms, found 0 plugins.
Preloading 0 native plugins for Editor in 0.00 ms.
Initialize engine version: 2020.3.3f1 (76626098c1c4)
[Subsystems] Discovering subsystems at path D:/Projects/Unity/2020.3.3f1/2020.3.3f1/Editor/Data/Resources/UnitySubsystems
[Subsystems] Discovering subsystems at path D:/Projects/Unity/Projects/UnityHomeInterior/Assets
GfxDevice: creating device client; threaded=0
Direct3D:
    Version:  Direct3D 11.0 [level 11.1]
    Renderer: NVIDIA GeForce GTX 1060 (ID=0x1c20)
    Vendor:   
    VRAM:     6052 MB
    Driver:   27.21.14.6611
Initialize mono
Mono path[0] = 'D:/Projects/Unity/2020.3.3f1/2020.3.3f1/Editor/Data/Managed'
Mono path[1] = 'D:/Projects/Unity/2020.3.3f1/2020.3.3f1/Editor/Data/MonoBleedingEdge/lib/mono/unityjit'
Mono config path = 'D:/Projects/Unity/2020.3.3f1/2020.3.3f1/Editor/Data/MonoBleedingEdge/etc'
Using monoOptions --debugger-agent=transport=dt_socket,embedding=1,server=y,suspend=n,address=127.0.0.1:56672
Begin MonoManager ReloadAssembly
Registering precompiled unity dll's ...
Register platform support module: D:/Projects/Unity/2020.3.3f1/2020.3.3f1/Editor/Data/PlaybackEngines/WindowsStandaloneSupport/UnityEditor.WindowsStandalone.Extensions.dll
Registered in 0.053724 seconds.
Native extension for WindowsStandalone target not found
Refreshing native plugins compatible for Editor in 101.14 ms, found 0 plugins.
Preloading 0 native plugins for Editor in 0.00 ms.
Invoked RoslynAnalysisRunner static constructor.
RoslynAnalysisRunner will not be running.
RoslynAnalysisRunner has terminated.
Mono: successfully reloaded assembly
- Completed reload, in  8.196 seconds
Platform modules already initialized, skipping
Registering precompiled user dll's ...
Registered in 0.101144 seconds.
Begin MonoManager ReloadAssembly
Native extension for WindowsStandalone target not found
Refreshing native plugins compatible for Editor in 0.41 ms, found 0 plugins.
Preloading 0 native plugins for Editor in 0.00 ms.
Invoked RoslynAnalysisRunner static constructor.
RoslynAnalysisRunner will not be running.
RoslynAnalysisRunner has terminated.
Mono: successfully reloaded assembly
- Completed reload, in  2.556 seconds
Platform modules already initialized, skipping
========================================================================
Worker process is ready to serve import requests
Launched and connected shader compiler UnityShaderCompiler.exe after 0.24 seconds
Refreshing native plugins compatible for Editor in 0.83 ms, found 0 plugins.
Preloading 0 native plugins for Editor in 0.00 ms.
Unloading 1459 Unused Serialized files (Serialized files now loaded: 0)
System memory in use before: 67.9 MB.
System memory in use after: 67.9 MB.

Unloading 16 unused Assets to reduce memory usage. Loaded Objects now: 1899.
Total: 4.727200 ms (FindLiveObjects: 0.342800 ms CreateObjectMapping: 0.130000 ms MarkObjects: 4.050000 ms  DeleteObjects: 0.201600 ms)

========================================================================
Received Import Request.
  path: Assets/Import/Modern_Couch
  artifactKey: Guid(ec867bf8642ec06418ad257c7a8f609b) Importer(815301076,1909f56bfc062723c751e8b465ee728b)
Start importing Assets/Import/Modern_Couch using Guid(ec867bf8642ec06418ad257c7a8f609b) Importer(815301076,1909f56bfc062723c751e8b465ee728b)  -> (artifact id: '1f544463430c68202b69d935af3b2bf1') in 0.019002 seconds
  Import took 0.030476 seconds .

========================================================================
Received Import Request.
  Time since last request: 0.000768 seconds.
  path: Assets/Unity 2020.3.3f1 (64-bit).lnk
  artifactKey: Guid(255cd260a5eae524b9c3e70e03947db4) Importer(815301076,1909f56bfc062723c751e8b465ee728b)
Start importing Assets/Unity 2020.3.3f1 (64-bit).lnk using Guid(255cd260a5eae524b9c3e70e03947db4) Importer(815301076,1909f56bfc062723c751e8b465ee728b)  -> (artifact id: '08fb9e9de877c97c950a29d0f99a1e9a') in 0.166771 seconds
  Import took 0.184808 seconds .

========================================================================
Received Import Request.
  Time since last request: 0.000804 seconds.
  path: Assets/Import/Modern_Couch/Modern_Couch.prefab
  artifactKey: Guid(3016509601ee56644b10dad288c1355c) Importer(815301076,1909f56bfc062723c751e8b465ee728b)
Start importing Assets/Import/Modern_Couch/Modern_Couch.prefab using Guid(3016509601ee56644b10dad288c1355c) Importer(815301076,1909f56bfc062723c751e8b465ee728b)  -> (artifact id: 'd10e759c66d577efccfcbc0044334e1b') in 1.955542 seconds
  Import took 1.975019 seconds .

========================================================================
Received Import Request.
  Time since last request: 0.000587 seconds.
  path: Assets/Import
  artifactKey: Guid(5e540ec66a947be4aa4784dfc8ad3c6a) Importer(815301076,1909f56bfc062723c751e8b465ee728b)
Start importing Assets/Import using Guid(5e540ec66a947be4aa4784dfc8ad3c6a) Importer(815301076,1909f56bfc062723c751e8b465ee728b)  -> (artifact id: '67ec10965162860fc79d3502914e7f17') in 0.003460 seconds
  Import took 0.021568 seconds .

========================================================================
Received Import Request.
  Time since last request: 105.572065 seconds.
  path: Assets/Models/Simple_Soviet_Wooden_Chair.usdz
  artifactKey: Guid(d910b1ac36141b4409d16a0f67a3ec9b) Importer(815301076,1909f56bfc062723c751e8b465ee728b)
Start importing Assets/Models/Simple_Soviet_Wooden_Chair.usdz using Guid(d910b1ac36141b4409d16a0f67a3ec9b) Importer(815301076,1909f56bfc062723c751e8b465ee728b)  -> (artifact id: '11c3ac531b45441a6c321070acbe1e5a') in 0.014200 seconds
  Import took 0.022034 seconds .

========================================================================
Received Import Request.
  Time since last request: 35.704791 seconds.
  path: Assets/Models/scene.gltf
  artifactKey: Guid(4269d1479a72c4a429eec6e348d53e15) Importer(815301076,1909f56bfc062723c751e8b465ee728b)
Start importing Assets/Models/scene.gltf using Guid(4269d1479a72c4a429eec6e348d53e15) Importer(815301076,1909f56bfc062723c751e8b465ee728b)  -> (artifact id: 'fb55a882a38738a898045550e9d3315d') in 0.017790 seconds
  Import took 0.088583 seconds .

========================================================================
Received Import Request.
  Time since last request: 5.286084 seconds.
  path: Assets/Models/old sofa/Materials
  artifactKey: Guid(56dfd71fd440f8f4f9e602ba0cd429c3) Importer(815301076,1909f56bfc062723c751e8b465ee728b)
Start importing Assets/Models/old sofa/Materials using Guid(56dfd71fd440f8f4f9e602ba0cd429c3) Importer(815301076,1909f56bfc062723c751e8b465ee728b)  -> (artifact id: '915f3ed52d39167e16d0660afaed6cc0') in 0.002901 seconds
  Import took 0.039167 seconds .

========================================================================
Received Import Request.
  Time since last request: 0.236059 seconds.
  path: Assets/Models/old sofa/Materials/1_albedo.mat
  artifactKey: Guid(7f327f735c23aaa419cd67ae5b6f5302) Importer(815301076,1909f56bfc062723c751e8b465ee728b)
Start importing Assets/Models/old sofa/Materials/1_albedo.mat using Guid(7f327f735c23aaa419cd67ae5b6f5302) Importer(815301076,1909f56bfc062723c751e8b465ee728b)  -> (artifact id: 'bc87e4880b6b84f862ea5f8f47e2190b') in 0.478077 seconds
  Import took 0.579248 seconds .

========================================================================
Received Import Request.
  Time since last request: 0.000732 seconds.
  path: Assets/Models/old sofa/Materials/1_roughness.mat
  artifactKey: Guid(d228529f7bd73ab4da1b07e3f2002d33) Importer(815301076,1909f56bfc062723c751e8b465ee728b)
Start importing Assets/Models/old sofa/Materials/1_roughness.mat using Guid(d228529f7bd73ab4da1b07e3f2002d33) Importer(815301076,1909f56bfc062723c751e8b465ee728b)  -> (artifact id: 'd03d1093529a55a8d2ab1a2882cb90c0') in 0.210082 seconds
  Import took 0.229284 seconds .

========================================================================
Received Import Request.
  Time since last request: 0.000712 seconds.
  path: Assets/Models/old sofa/Materials/Material__3_albedo.mat
  artifactKey: Guid(2466094c8877df04e98fd2bcdd229973) Importer(815301076,1909f56bfc062723c751e8b465ee728b)
Start importing Assets/Models/old sofa/Materials/Material__3_albedo.mat using Guid(2466094c8877df04e98fd2bcdd229973) Importer(815301076,1909f56bfc062723c751e8b465ee728b)  -> (artifact id: '58a0c96079cb572e127315051bffbb52') in 0.237731 seconds
  Import took 0.271247 seconds .

========================================================================
Received Import Request.
  Time since last request: 0.000560 seconds.
  path: Assets/Models/old sofa/Materials/1_AO.mat
  artifactKey: Guid(688d4341162c9134a9b1077961a1e874) Importer(815301076,1909f56bfc062723c751e8b465ee728b)
Start importing Assets/Models/old sofa/Materials/1_AO.mat using Guid(688d4341162c9134a9b1077961a1e874) Importer(815301076,1909f56bfc062723c751e8b465ee728b)  -> (artifact id: '2cbd1294e7d04fbccb106d7c7336adb5') in 0.211088 seconds
  Import took 0.244933 seconds .

========================================================================
Received Import Request.
  Time since last request: 0.000388 seconds.
  path: Assets/Models/old sofa/Materials/internal_ground_ao_texture.mat
  artifactKey: Guid(c6e9ee7965e078946ac7c65e985d68f6) Importer(815301076,1909f56bfc062723c751e8b465ee728b)
Start importing Assets/Models/old sofa/Materials/internal_ground_ao_texture.mat using Guid(c6e9ee7965e078946ac7c65e985d68f6) Importer(815301076,1909f56bfc062723c751e8b465ee728b)  -> (artifact id: '0124bf4c96de439815c672051c8735c0') in 0.065065 seconds
  Import took 0.086827 seconds .

========================================================================
Received Import Request.
  Time since last request: 0.000627 seconds.
  path: Assets/Models/old sofa/Materials/Material__3_AO.mat
  artifactKey: Guid(ad78f60f819a21445a6d993d93e2823c) Importer(815301076,1909f56bfc062723c751e8b465ee728b)
Start importing Assets/Models/old sofa/Materials/Material__3_AO.mat using Guid(ad78f60f819a21445a6d993d93e2823c) Importer(815301076,1909f56bfc062723c751e8b465ee728b)  -> (artifact id: '030c307434395e5c341368f9d9fa6f59') in 0.182731 seconds
  Import took 0.224987 seconds .

========================================================================
Received Import Request.
  Time since last request: 0.000589 seconds.
  path: Assets/Models/old sofa/Materials/1_metallic.mat
  artifactKey: Guid(085b32e9a5667e940b398d98246cfcdb) Importer(815301076,1909f56bfc062723c751e8b465ee728b)
Start importing Assets/Models/old sofa/Materials/1_metallic.mat using Guid(085b32e9a5667e940b398d98246cfcdb) Importer(815301076,1909f56bfc062723c751e8b465ee728b)  -> (artifact id: 'e843532559fe57b15825aaa977edb990') in 0.219582 seconds
  Import took 0.252458 seconds .

========================================================================
Received Import Request.
  Time since last request: 0.003410 seconds.
  path: Assets/Models/old sofa/Materials/1_metallic.mat
  artifactKey: Guid(085b32e9a5667e940b398d98246cfcdb) Importer(815301076,1909f56bfc062723c751e8b465ee728b)
Start importing Assets/Models/old sofa/Materials/1_metallic.mat using Guid(085b32e9a5667e940b398d98246cfcdb) Importer(815301076,1909f56bfc062723c751e8b465ee728b)  -> (artifact id: 'e843532559fe57b15825aaa977edb990') in 0.151104 seconds
  Import took 0.159424 seconds .

========================================================================
Received Import Request.
  Time since last request: 32.696965 seconds.
  path: Assets/Models/simple-soviet-wooden-chair
  artifactKey: Guid(534da6c294605344c87a1f5d4776e1e7) Importer(815301076,1909f56bfc062723c751e8b465ee728b)
Start importing Assets/Models/simple-soviet-wooden-chair using Guid(534da6c294605344c87a1f5d4776e1e7) Importer(815301076,1909f56bfc062723c751e8b465ee728b)  -> (artifact id: 'c9841b93e663c6e5d977fcbb0967fa17') in 0.001950 seconds
  Import took 0.004946 seconds .

========================================================================
Received Import Request.
  Time since last request: 0.009834 seconds.
  path: Assets/Models/simple-soviet-wooden-chair
  artifactKey: Guid(534da6c294605344c87a1f5d4776e1e7) Importer(815301076,1909f56bfc062723c751e8b465ee728b)
Start importing Assets/Models/simple-soviet-wooden-chair using Guid(534da6c294605344c87a1f5d4776e1e7) Importer(815301076,1909f56bfc062723c751e8b465ee728b)  -> (artifact id: 'c9841b93e663c6e5d977fcbb0967fa17') in 0.001772 seconds
  Import took 0.005057 seconds .

========================================================================
Received Import Request.
  Time since last request: 2.026743 seconds.
  path: Assets/Models/simple-soviet-wooden-chair/source
  artifactKey: Guid(ee2f8a4a2c8f12b499cdf987e6602b40) Importer(815301076,1909f56bfc062723c751e8b465ee728b)
Start importing Assets/Models/simple-soviet-wooden-chair/source using Guid(ee2f8a4a2c8f12b499cdf987e6602b40) Importer(815301076,1909f56bfc062723c751e8b465ee728b)  -> (artifact id: '8c864efcfee41b6ddb89a1df51ba8547') in 0.001877 seconds
  Import took 0.122424 seconds .

========================================================================
Received Import Request.
  Time since last request: 0.000432 seconds.
  path: Assets/Models/simple-soviet-wooden-chair/source/Wood_chair_1_low.fbx
  artifactKey: Guid(c0db2b5324edd034f817a2760510c1bc) Importer(815301076,1909f56bfc062723c751e8b465ee728b)
Start importing Assets/Models/simple-soviet-wooden-chair/source/Wood_chair_1_low.fbx using Guid(c0db2b5324edd034f817a2760510c1bc) Importer(815301076,1909f56bfc062723c751e8b465ee728b)  -> (artifact id: '8a7a01f07572e40a782abb16d90e787f') in 0.240470 seconds
  Import took 0.250855 seconds .

========================================================================
Received Import Request.
  Time since last request: 5.872113 seconds.
  path: Assets/Models/simple_soviet_wooden_chair
  artifactKey: Guid(13dbea938d0fde14abe7c2f55cf8bd73) Importer(815301076,1909f56bfc062723c751e8b465ee728b)
Start importing Assets/Models/simple_soviet_wooden_chair using Guid(13dbea938d0fde14abe7c2f55cf8bd73) Importer(815301076,1909f56bfc062723c751e8b465ee728b)  -> (artifact id: '4091a8ddd67b520c13f066262e790bd7') in 0.001974 seconds
  Import took 0.005097 seconds .

========================================================================
Received Import Request.
  Time since last request: 0.008570 seconds.
  path: Assets/Models/simple_soviet_wooden_chair
  artifactKey: Guid(13dbea938d0fde14abe7c2f55cf8bd73) Importer(815301076,1909f56bfc062723c751e8b465ee728b)
Start importing Assets/Models/simple_soviet_wooden_chair using Guid(13dbea938d0fde14abe7c2f55cf8bd73) Importer(815301076,1909f56bfc062723c751e8b465ee728b)  -> (artifact id: '4091a8ddd67b520c13f066262e790bd7') in 0.001747 seconds
  Import took 0.005418 seconds .

========================================================================
Received Import Request.
  Time since last request: 1.302124 seconds.
  path: Assets/Models/simple_soviet_wooden_chair/textures
  artifactKey: Guid(09b049b46b1a2c249aeaff831634e809) Importer(815301076,1909f56bfc062723c751e8b465ee728b)
Start importing Assets/Models/simple_soviet_wooden_chair/textures using Guid(09b049b46b1a2c249aeaff831634e809) Importer(815301076,1909f56bfc062723c751e8b465ee728b)  -> (artifact id: 'b29eedcb6b478ba73edd432332a64cc3') in 0.001750 seconds
  Import took 0.004927 seconds .

========================================================================
Received Import Request.
  Time since last request: 0.010686 seconds.
  path: Assets/Models/simple_soviet_wooden_chair/textures
  artifactKey: Guid(09b049b46b1a2c249aeaff831634e809) Importer(815301076,1909f56bfc062723c751e8b465ee728b)
Start importing Assets/Models/simple_soviet_wooden_chair/textures using Guid(09b049b46b1a2c249aeaff831634e809) Importer(815301076,1909f56bfc062723c751e8b465ee728b)  -> (artifact id: 'b29eedcb6b478ba73edd432332a64cc3') in 0.003442 seconds
  Import took 0.009320 seconds .

========================================================================
Received Import Request.
  Time since last request: 0.168065 seconds.
  path: Assets/Models/simple_soviet_wooden_chair/textures/Wood_chair_1_baseColor.png
  artifactKey: Guid(1851136652ad4b845922a347b15204c6) Importer(815301076,1909f56bfc062723c751e8b465ee728b)
Start importing Assets/Models/simple_soviet_wooden_chair/textures/Wood_chair_1_baseColor.png using Guid(1851136652ad4b845922a347b15204c6) Importer(815301076,1909f56bfc062723c751e8b465ee728b)  -> (artifact id: '7ba68b9308c2845830c95d2eb8aff09c') in 0.133894 seconds
  Import took 0.139889 seconds .

========================================================================
Received Import Request.
  Time since last request: 0.000680 seconds.
  path: Assets/Models/simple_soviet_wooden_chair/textures/Wood_chair_1_normal.png
  artifactKey: Guid(8fc6e5bc2f8260646b586fa46085babf) Importer(815301076,1909f56bfc062723c751e8b465ee728b)
Start importing Assets/Models/simple_soviet_wooden_chair/textures/Wood_chair_1_normal.png using Guid(8fc6e5bc2f8260646b586fa46085babf) Importer(815301076,1909f56bfc062723c751e8b465ee728b)  -> (artifact id: 'f421d140cfe7ff077fc7fa611471dca5') in 0.044172 seconds
  Import took 0.193949 seconds .

========================================================================
Received Import Request.
  Time since last request: 0.000745 seconds.
  path: Assets/Models/simple_soviet_wooden_chair/textures/Wood_chair_1_metallicRoughness.png
  artifactKey: Guid(e31a5967808b3cf43972d0ca14cd4e31) Importer(815301076,1909f56bfc062723c751e8b465ee728b)
Start importing Assets/Models/simple_soviet_wooden_chair/textures/Wood_chair_1_metallicRoughness.png using Guid(e31a5967808b3cf43972d0ca14cd4e31) Importer(815301076,1909f56bfc062723c751e8b465ee728b)  -> (artifact id: 'aa570fcd24614715e786d8f95d3eb33c') in 0.048835 seconds
  Import took 0.055222 seconds .

========================================================================
Received Import Request.
  Time since last request: 1.750228 seconds.
  path: Assets/Models/simple_soviet_wooden_chair/scene.bin
  artifactKey: Guid(d7ae67dca0189ed4a9be8ebe6b86f834) Importer(815301076,1909f56bfc062723c751e8b465ee728b)
Start importing Assets/Models/simple_soviet_wooden_chair/scene.bin using Guid(d7ae67dca0189ed4a9be8ebe6b86f834) Importer(815301076,1909f56bfc062723c751e8b465ee728b)  -> (artifact id: '3270ea3d219f85c1e11e494764c96414') in 0.010363 seconds
  Import took 0.017028 seconds .

========================================================================
Received Import Request.
  Time since last request: 1.376842 seconds.
  path: Assets/Models/simple_soviet_wooden_chair/scene.gltf
  artifactKey: Guid(f4cff3fa9936175478145c2f924d32a0) Importer(815301076,1909f56bfc062723c751e8b465ee728b)
Start importing Assets/Models/simple_soviet_wooden_chair/scene.gltf using Guid(f4cff3fa9936175478145c2f924d32a0) Importer(815301076,1909f56bfc062723c751e8b465ee728b)  -> (artifact id: '3670df7b075bf9cfb161a0e45ce88fbb') in 0.002956 seconds
  Import took 0.006885 seconds .

========================================================================
Received Import Request.
  Time since last request: 0.006651 seconds.
  path: Assets/Models/simple_soviet_wooden_chair/scene.gltf
  artifactKey: Guid(f4cff3fa9936175478145c2f924d32a0) Importer(815301076,1909f56bfc062723c751e8b465ee728b)
Start importing Assets/Models/simple_soviet_wooden_chair/scene.gltf using Guid(f4cff3fa9936175478145c2f924d32a0) Importer(815301076,1909f56bfc062723c751e8b465ee728b)  -> (artifact id: '3670df7b075bf9cfb161a0e45ce88fbb') in 0.002486 seconds
  Import took 0.005970 seconds .

========================================================================
Received Import Request.
  Time since last request: 638.082919 seconds.
  path: Assets/Models/simple_soviet_wooden_chair.zip
  artifactKey: Guid(bb9a5ea416e94cc45b88a4f181976485) Importer(815301076,1909f56bfc062723c751e8b465ee728b)
Start importing Assets/Models/simple_soviet_wooden_chair.zip using Guid(bb9a5ea416e94cc45b88a4f181976485) Importer(815301076,1909f56bfc062723c751e8b465ee728b)  -> (artifact id: '34d6cb85ef74458fe82f5bda8e0bb684') in 0.017859 seconds
  Import took 0.138396 seconds .

========================================================================
Received Import Request.
  Time since last request: 2.565100 seconds.
  path: Assets/Models/table
  artifactKey: Guid(4f6bdff898c044242b54f3ec0194919b) Importer(815301076,1909f56bfc062723c751e8b465ee728b)
Start importing Assets/Models/table using Guid(4f6bdff898c044242b54f3ec0194919b) Importer(815301076,1909f56bfc062723c751e8b465ee728b)  -> (artifact id: '79d40f0046126a7b30498444875f654f') in 0.001842 seconds
  Import took 0.116239 seconds .

========================================================================
Received Import Request.
  Time since last request: 42.152131 seconds.
  path: Assets/Import/Modern_Couch/materials/Leather_bright_0.mat
  artifactKey: Guid(1d334ad9a8f6f144c81ed2c7ac4e2508) Importer(815301076,1909f56bfc062723c751e8b465ee728b)
Start importing Assets/Import/Modern_Couch/materials/Leather_bright_0.mat using Guid(1d334ad9a8f6f144c81ed2c7ac4e2508) Importer(815301076,1909f56bfc062723c751e8b465ee728b)  -> (artifact id: 'f9b0e067d203ed8c05bbcc077395a312') in 1.008546 seconds
  Import took 1.068209 seconds .

========================================================================
Received Import Request.
  Time since last request: 0.000778 seconds.
  path: Assets/Import/Modern_Couch/materials/wood_White_washed_2.mat
  artifactKey: Guid(6582d0483b929bd4e82cd06e560622ef) Importer(815301076,1909f56bfc062723c751e8b465ee728b)
Start importing Assets/Import/Modern_Couch/materials/wood_White_washed_2.mat using Guid(6582d0483b929bd4e82cd06e560622ef) Importer(815301076,1909f56bfc062723c751e8b465ee728b)  -> (artifact id: 'fc78eb9204f5c070b76645bf4d88d679') in 0.609210 seconds
  Import took 0.613578 seconds .

========================================================================
Received Import Request.
  Time since last request: 0.000384 seconds.
  path: Assets/Import/Modern_Couch/materials/Leather_bright_0.mat
  artifactKey: Guid(1d334ad9a8f6f144c81ed2c7ac4e2508) Importer(815301076,1909f56bfc062723c751e8b465ee728b)
Start importing Assets/Import/Modern_Couch/materials/Leather_bright_0.mat using Guid(1d334ad9a8f6f144c81ed2c7ac4e2508) Importer(815301076,1909f56bfc062723c751e8b465ee728b)  -> (artifact id: 'f9b0e067d203ed8c05bbcc077395a312') in 0.190408 seconds
  Import took 0.193094 seconds .

========================================================================
Received Import Request.
  Time since last request: 0.000392 seconds.
  path: Assets/Import/Modern_Couch/materials/Pillow_Grey_1.mat
  artifactKey: Guid(f43bf46396fab96448d132e6a07702ad) Importer(815301076,1909f56bfc062723c751e8b465ee728b)
Start importing Assets/Import/Modern_Couch/materials/Pillow_Grey_1.mat using Guid(f43bf46396fab96448d132e6a07702ad) Importer(815301076,1909f56bfc062723c751e8b465ee728b)  -> (artifact id: '40a15b343c7be872732c2ad3930a62f4') in 0.697106 seconds
  Import took 0.701658 seconds .

========================================================================
Received Import Request.
  Time since last request: 599.041531 seconds.
  path: Assets/Import/Glass_Table
  artifactKey: Guid(bad7a8d9f4053b745a63a4e82b5029d2) Importer(815301076,1909f56bfc062723c751e8b465ee728b)
Start importing Assets/Import/Glass_Table using Guid(bad7a8d9f4053b745a63a4e82b5029d2) Importer(815301076,1909f56bfc062723c751e8b465ee728b)  -> (artifact id: 'e9e99b47ba73c3bca8e9a11c6be34129') in 0.005398 seconds
  Import took 0.014139 seconds .

========================================================================
Received Import Request.
  Time since last request: 0.000777 seconds.
  path: Assets/Import/Glass_Table
  artifactKey: Guid(bad7a8d9f4053b745a63a4e82b5029d2) Importer(815301076,1909f56bfc062723c751e8b465ee728b)
Start importing Assets/Import/Glass_Table using Guid(bad7a8d9f4053b745a63a4e82b5029d2) Importer(815301076,1909f56bfc062723c751e8b465ee728b)  -> (artifact id: 'e9e99b47ba73c3bca8e9a11c6be34129') in 0.003500 seconds
  Import took 0.010926 seconds .

========================================================================
Received Import Request.
  Time since last request: 0.353742 seconds.
  path: Assets/Import/Simple_Soviet_Wooden_Chair
  artifactKey: Guid(d0cdd2f0b43616c4eb0548db58db8394) Importer(815301076,1909f56bfc062723c751e8b465ee728b)
Start importing Assets/Import/Simple_Soviet_Wooden_Chair using Guid(d0cdd2f0b43616c4eb0548db58db8394) Importer(815301076,1909f56bfc062723c751e8b465ee728b)  -> (artifact id: '3a98acc1e686d976488aab9a5d870c84') in 0.002104 seconds
  Import took 0.005108 seconds .

========================================================================
Received Import Request.
  Time since last request: 0.009862 seconds.
  path: Assets/Import/Simple_Soviet_Wooden_Chair
  artifactKey: Guid(d0cdd2f0b43616c4eb0548db58db8394) Importer(815301076,1909f56bfc062723c751e8b465ee728b)
Start importing Assets/Import/Simple_Soviet_Wooden_Chair using Guid(d0cdd2f0b43616c4eb0548db58db8394) Importer(815301076,1909f56bfc062723c751e8b465ee728b)  -> (artifact id: '3a98acc1e686d976488aab9a5d870c84') in 0.002223 seconds
  Import took 0.005273 seconds .

========================================================================
Received Import Request.
  Time since last request: 4.397633 seconds.
  path: Assets/Models/Glass_Table/Glass_Table.prefab
  artifactKey: Guid(04a6359ffcdd57b47b28cd7d77ee7f9c) Importer(815301076,1909f56bfc062723c751e8b465ee728b)
Start importing Assets/Models/Glass_Table/Glass_Table.prefab using Guid(04a6359ffcdd57b47b28cd7d77ee7f9c) Importer(815301076,1909f56bfc062723c751e8b465ee728b)  -> (artifact id: '4612090249c5f6aec6fc2ab7a7c47bcf') in 0.676788 seconds
  Import took 0.683610 seconds .

========================================================================
Received Import Request.
  Time since last request: 6.798351 seconds.
  path: Assets/Models/Simple_Soviet_Wooden_Chair/Simple_Soviet_Wooden_Chair.prefab
  artifactKey: Guid(a7f92914edcf3d041abd7ad986e80612) Importer(815301076,1909f56bfc062723c751e8b465ee728b)
Start importing Assets/Models/Simple_Soviet_Wooden_Chair/Simple_Soviet_Wooden_Chair.prefab using Guid(a7f92914edcf3d041abd7ad986e80612) Importer(815301076,1909f56bfc062723c751e8b465ee728b)  -> (artifact id: '28b82a66116b3006d55a5e2ac8f98e2d') in 0.133991 seconds
  Import took 0.150940 seconds .

========================================================================
Received Import Request.
  Time since last request: 31.146426 seconds.
  path: Assets/Prefabs/Modern_Couch.prefab
  artifactKey: Guid(642749be78a822944a4c57641a686fc8) Importer(815301076,1909f56bfc062723c751e8b465ee728b)
Start importing Assets/Prefabs/Modern_Couch.prefab using Guid(642749be78a822944a4c57641a686fc8) Importer(815301076,1909f56bfc062723c751e8b465ee728b)  -> (artifact id: '1b4a9dd1b8ca39a1ed3f65550fcc45bc') in 0.622474 seconds
  Import took 0.632450 seconds .

========================================================================
Received Import Request.
  Time since last request: 4.137677 seconds.
  path: Assets/Prefabs/Simple_Soviet_Wooden_Chair.prefab
  artifactKey: Guid(14d9f3892385a6741b7dc5d12c77622b) Importer(815301076,1909f56bfc062723c751e8b465ee728b)
Start importing Assets/Prefabs/Simple_Soviet_Wooden_Chair.prefab using Guid(14d9f3892385a6741b7dc5d12c77622b) Importer(815301076,1909f56bfc062723c751e8b465ee728b)  -> (artifact id: '27671d54c4419dbdd13aa22e26dde94d') in 0.146661 seconds
  Import took 0.181827 seconds .

========================================================================
Received Import Request.
  Time since last request: 3.691408 seconds.
  path: Assets/Prefabs/Glass_Table.prefab
  artifactKey: Guid(fdbaab8c542e7d744b3fb6fc15730aea) Importer(815301076,1909f56bfc062723c751e8b465ee728b)
Start importing Assets/Prefabs/Glass_Table.prefab using Guid(fdbaab8c542e7d744b3fb6fc15730aea) Importer(815301076,1909f56bfc062723c751e8b465ee728b)  -> (artifact id: 'd22343f2b45ad268515a17b7a263f7c1') in 0.252401 seconds
  Import took 0.273221 seconds .

========================================================================
Received Import Request.
  Time since last request: 71.521170 seconds.
  path: Assets/Prefabs/Glass_Table.prefab
  artifactKey: Guid(fdbaab8c542e7d744b3fb6fc15730aea) Importer(815301076,1909f56bfc062723c751e8b465ee728b)
Start importing Assets/Prefabs/Glass_Table.prefab using Guid(fdbaab8c542e7d744b3fb6fc15730aea) Importer(815301076,1909f56bfc062723c751e8b465ee728b)  -> (artifact id: '02333ffb4738de451c0f6a83b903fb9c') in 0.310360 seconds
  Import took 0.321588 seconds .

========================================================================
Received Import Request.
  Time since last request: 2.513054 seconds.
  path: Assets/Prefabs/Modern_Couch.prefab
  artifactKey: Guid(642749be78a822944a4c57641a686fc8) Importer(815301076,1909f56bfc062723c751e8b465ee728b)
Start importing Assets/Prefabs/Modern_Couch.prefab using Guid(642749be78a822944a4c57641a686fc8) Importer(815301076,1909f56bfc062723c751e8b465ee728b)  -> (artifact id: '47df1d1c73330d3138c8637062ca6446') in 0.619729 seconds
  Import took 0.662164 seconds .

========================================================================
Received Import Request.
  Time since last request: 6.185059 seconds.
  path: Assets/Prefabs/Simple_Soviet_Wooden_Chair.prefab
  artifactKey: Guid(14d9f3892385a6741b7dc5d12c77622b) Importer(815301076,1909f56bfc062723c751e8b465ee728b)
Start importing Assets/Prefabs/Simple_Soviet_Wooden_Chair.prefab using Guid(14d9f3892385a6741b7dc5d12c77622b) Importer(815301076,1909f56bfc062723c751e8b465ee728b)  -> (artifact id: 'b4245dbc3bdf859682e63eafa1e49341') in 0.085700 seconds
  Import took 0.088731 seconds .

========================================================================
Received Prepare
Refreshing native plugins compatible for Editor in 4.78 ms, found 0 plugins.
Preloading 0 native plugins for Editor in 0.00 ms.
Unloading 8 Unused Serialized files (Serialized files now loaded: 0)
System memory in use before: 42.4 MB.
System memory in use after: 42.5 MB.

Unloading 7 unused Assets to reduce memory usage. Loaded Objects now: 1944.
Total: 9.772800 ms (FindLiveObjects: 0.404000 ms CreateObjectMapping: 0.153700 ms MarkObjects: 9.083100 ms  DeleteObjects: 0.128200 ms)

========================================================================
Received Prepare
Registering precompiled user dll's ...
Registered in 0.001964 seconds.
Begin MonoManager ReloadAssembly
Native extension for WindowsStandalone target not found
Refreshing native plugins compatible for Editor in 0.31 ms, found 0 plugins.
Preloading 0 native plugins for Editor in 0.00 ms.
Invoked RoslynAnalysisRunner static constructor.
RoslynAnalysisRunner will not be running.
RoslynAnalysisRunner has terminated.
Mono: successfully reloaded assembly
- Completed reload, in  1.302 seconds
Platform modules already initialized, skipping
Switching build target platform(5) subTarget(0) extendedPlatform(0) -> platform(13) subTarget(524288) extendedPlatform(0)
Refreshing native plugins compatible for Editor in 0.31 ms, found 0 plugins.
Preloading 0 native plugins for Editor in 0.00 ms.
Unloading 1449 Unused Serialized files (Serialized files now loaded: 0)
System memory in use before: 70.7 MB.
System memory in use after: 70.8 MB.

Unloading 11 unused Assets to reduce memory usage. Loaded Objects now: 1947.
Total: 2.563300 ms (FindLiveObjects: 0.202600 ms CreateObjectMapping: 0.068800 ms MarkObjects: 2.127900 ms  DeleteObjects: 0.162600 ms)

AssetImportParameters requested are different than current active one (requested -> active):
  custom:graphics/normal-map-encoding: 01000000000000000000000000000000 -> 02000000000000000000000000000000
========================================================================
Received Prepare
Refreshing native plugins compatible for Editor in 1.75 ms, found 0 plugins.
Preloading 0 native plugins for Editor in 0.00 ms.
Unloading 8 Unused Serialized files (Serialized files now loaded: 0)
System memory in use before: 42.1 MB.
System memory in use after: 42.2 MB.

Unloading 7 unused Assets to reduce memory usage. Loaded Objects now: 1948.
Total: 2.376400 ms (FindLiveObjects: 0.169200 ms CreateObjectMapping: 0.048800 ms MarkObjects: 2.074100 ms  DeleteObjects: 0.082700 ms)

========================================================================
Received Prepare
Registering precompiled user dll's ...
Registered in 0.002005 seconds.
Begin MonoManager ReloadAssembly
Native extension for WindowsStandalone target not found
Refreshing native plugins compatible for Editor in 0.36 ms, found 0 plugins.
Preloading 0 native plugins for Editor in 0.00 ms.
Invoked RoslynAnalysisRunner static constructor.
RoslynAnalysisRunner will not be running.
RoslynAnalysisRunner has terminated.
Mono: successfully reloaded assembly
- Completed reload, in  1.067 seconds
Platform modules already initialized, skipping
Switching build target platform(5) subTarget(0) extendedPlatform(0) -> platform(13) subTarget(524288) extendedPlatform(0)
Refreshing native plugins compatible for Editor in 0.41 ms, found 0 plugins.
Preloading 0 native plugins for Editor in 0.00 ms.
Unloading 1449 Unused Serialized files (Serialized files now loaded: 0)
System memory in use before: 70.8 MB.
System memory in use after: 70.8 MB.

Unloading 10 unused Assets to reduce memory usage. Loaded Objects now: 1952.
Total: 1.890000 ms (FindLiveObjects: 0.167100 ms CreateObjectMapping: 0.053500 ms MarkObjects: 1.605700 ms  DeleteObjects: 0.062300 ms)

AssetImportParameters requested are different than current active one (requested -> active):
  custom:graphics/normal-map-encoding: 01000000000000000000000000000000 -> 02000000000000000000000000000000
========================================================================
Received Prepare
Refreshing native plugins compatible for Editor in 2.79 ms, found 0 plugins.
Preloading 0 native plugins for Editor in 0.00 ms.
Unloading 7 Unused Serialized files (Serialized files now loaded: 0)
System memory in use before: 42.1 MB.
System memory in use after: 42.2 MB.

Unloading 7 unused Assets to reduce memory usage. Loaded Objects now: 1952.
Total: 2.339300 ms (FindLiveObjects: 0.219700 ms CreateObjectMapping: 0.069900 ms MarkObjects: 1.968800 ms  DeleteObjects: 0.079300 ms)

========================================================================
Received Prepare
Refreshing native plugins compatible for Editor in 1.89 ms, found 0 plugins.
Preloading 0 native plugins for Editor in 0.00 ms.
Unloading 7 Unused Serialized files (Serialized files now loaded: 0)
System memory in use before: 42.1 MB.
System memory in use after: 42.2 MB.

Unloading 7 unused Assets to reduce memory usage. Loaded Objects now: 1952.
Total: 121.717500 ms (FindLiveObjects: 2.163200 ms CreateObjectMapping: 0.059500 ms MarkObjects: 119.343700 ms  DeleteObjects: 0.147600 ms)

========================================================================
Received Prepare
Registering precompiled user dll's ...
Registered in 0.019365 seconds.
Begin MonoManager ReloadAssembly
Native extension for WindowsStandalone target not found
Refreshing native plugins compatible for Editor in 0.33 ms, found 0 plugins.
Preloading 0 native plugins for Editor in 0.00 ms.
Invoked RoslynAnalysisRunner static constructor.
RoslynAnalysisRunner will not be running.
RoslynAnalysisRunner has terminated.
Mono: successfully reloaded assembly
- Completed reload, in  1.306 seconds
Platform modules already initialized, skipping
Switching build target platform(5) subTarget(0) extendedPlatform(0) -> platform(13) subTarget(524288) extendedPlatform(0)
Refreshing native plugins compatible for Editor in 0.81 ms, found 0 plugins.
Preloading 0 native plugins for Editor in 0.00 ms.
Unloading 1449 Unused Serialized files (Serialized files now loaded: 0)
System memory in use before: 70.8 MB.
System memory in use after: 70.9 MB.

Unloading 10 unused Assets to reduce memory usage. Loaded Objects now: 1956.
Total: 6.075700 ms (FindLiveObjects: 0.434900 ms CreateObjectMapping: 0.151700 ms MarkObjects: 5.337200 ms  DeleteObjects: 0.148200 ms)

AssetImportParameters requested are different than current active one (requested -> active):
  custom:graphics/normal-map-encoding: 01000000000000000000000000000000 -> 02000000000000000000000000000000
========================================================================
Received Prepare
Registering precompiled user dll's ...
Registered in 0.004479 seconds.
Begin MonoManager ReloadAssembly
Native extension for WindowsStandalone target not found
Refreshing native plugins compatible for Editor in 0.32 ms, found 0 plugins.
Preloading 0 native plugins for Editor in 0.00 ms.
Invoked RoslynAnalysisRunner static constructor.
RoslynAnalysisRunner will not be running.
RoslynAnalysisRunner has terminated.
Mono: successfully reloaded assembly
- Completed reload, in  1.058 seconds
Platform modules already initialized, skipping
Switching build target platform(5) subTarget(0) extendedPlatform(0) -> platform(13) subTarget(524288) extendedPlatform(0)
Refreshing native plugins compatible for Editor in 0.31 ms, found 0 plugins.
Preloading 0 native plugins for Editor in 0.00 ms.
Unloading 1449 Unused Serialized files (Serialized files now loaded: 0)
System memory in use before: 70.8 MB.
System memory in use after: 70.9 MB.

Unloading 10 unused Assets to reduce memory usage. Loaded Objects now: 1960.
Total: 2.116000 ms (FindLiveObjects: 0.245500 ms CreateObjectMapping: 0.074700 ms MarkObjects: 1.712800 ms  DeleteObjects: 0.081300 ms)

AssetImportParameters requested are different than current active one (requested -> active):
  custom:graphics/normal-map-encoding: 01000000000000000000000000000000 -> 02000000000000000000000000000000
========================================================================
Received Prepare
Refreshing native plugins compatible for Editor in 1.79 ms, found 0 plugins.
Preloading 0 native plugins for Editor in 0.00 ms.
Unloading 7 Unused Serialized files (Serialized files now loaded: 0)
System memory in use before: 42.1 MB.
System memory in use after: 42.2 MB.

Unloading 7 unused Assets to reduce memory usage. Loaded Objects now: 1960.
Total: 7.738700 ms (FindLiveObjects: 0.338700 ms CreateObjectMapping: 0.072800 ms MarkObjects: 7.266900 ms  DeleteObjects: 0.058500 ms)

========================================================================
Received Import Request.
  Time since last request: 10367.776493 seconds.
  path: Assets/Import/Little_Big_Planet_3_Odd_Sock
  artifactKey: Guid(6c6837ff52d104248909b0527313140c) Importer(815301076,1909f56bfc062723c751e8b465ee728b)
Start importing Assets/Import/Little_Big_Planet_3_Odd_Sock using Guid(6c6837ff52d104248909b0527313140c) Importer(815301076,1909f56bfc062723c751e8b465ee728b)  -> (artifact id: 'c292ca1a83c4d2741fd005cceec90600') in 0.075669 seconds
  Import took 0.082784 seconds .

========================================================================
Received Import Request.
  Time since last request: 0.000635 seconds.
  path: Assets/Import/Little_Big_Planet_3_Odd_Sock/Little_Big_Planet_3_Odd_Sock.prefab
  artifactKey: Guid(483ebf998731b7743b50bdddc04f19b6) Importer(815301076,1909f56bfc062723c751e8b465ee728b)
Start importing Assets/Import/Little_Big_Planet_3_Odd_Sock/Little_Big_Planet_3_Odd_Sock.prefab using Guid(483ebf998731b7743b50bdddc04f19b6) Importer(815301076,1909f56bfc062723c751e8b465ee728b)  -> (artifact id: '1fbf06bfcaea714064ef2413d283971a') in 0.429181 seconds
  Import took 0.508927 seconds .

========================================================================
Received Import Request.
  Time since last request: 33.224412 seconds.
  path: Assets/Sketchfab For Unity
  artifactKey: Guid(20c947a41a56ae3478151c41467de777) Importer(815301076,1909f56bfc062723c751e8b465ee728b)
Start importing Assets/Sketchfab For Unity using Guid(20c947a41a56ae3478151c41467de777) Importer(815301076,1909f56bfc062723c751e8b465ee728b)  -> (artifact id: '55da59bc04cf911236dc4c6b6691338c') in 0.007226 seconds
  Import took 0.183474 seconds .

========================================================================
Received Import Request.
  Time since last request: 42.503720 seconds.
  path: Assets/Prefabs/Little_Big_Planet_3_Odd_Sock.prefab
  artifactKey: Guid(5ab787973ce839441b731d53cbde1910) Importer(815301076,1909f56bfc062723c751e8b465ee728b)
Start importing Assets/Prefabs/Little_Big_Planet_3_Odd_Sock.prefab using Guid(5ab787973ce839441b731d53cbde1910) Importer(815301076,1909f56bfc062723c751e8b465ee728b)  -> (artifact id: '62d2ac12d375e20478c6cec076583e2f') in 0.159222 seconds
  Import took 0.202879 seconds .

========================================================================
Received Import Request.
  Time since last request: 25.880279 seconds.
  path: Assets/Prefabs/Little_Big_Planet_3_Odd_Sock.prefab
  artifactKey: Guid(5ab787973ce839441b731d53cbde1910) Importer(815301076,1909f56bfc062723c751e8b465ee728b)
Start importing Assets/Prefabs/Little_Big_Planet_3_Odd_Sock.prefab using Guid(5ab787973ce839441b731d53cbde1910) Importer(815301076,1909f56bfc062723c751e8b465ee728b)  -> (artifact id: '45242db04acb2490531b8e598bc10e3d') in 0.098773 seconds
  Import took 0.124160 seconds .

========================================================================
Received Prepare
Refreshing native plugins compatible for Editor in 2.80 ms, found 0 plugins.
Preloading 0 native plugins for Editor in 0.00 ms.
Unloading 7 Unused Serialized files (Serialized files now loaded: 0)
System memory in use before: 42.2 MB.
System memory in use after: 42.2 MB.

Unloading 7 unused Assets to reduce memory usage. Loaded Objects now: 1961.
Total: 4.054200 ms (FindLiveObjects: 0.267800 ms CreateObjectMapping: 0.085800 ms MarkObjects: 3.615100 ms  DeleteObjects: 0.083700 ms)

========================================================================
Received Import Request.
  Time since last request: 122.988629 seconds.
  path: Assets/Prefabs/Little_Big_Planet_3_Odd_Sock 1.prefab
  artifactKey: Guid(3ebe787ea9550864da6c1205741464da) Importer(815301076,1909f56bfc062723c751e8b465ee728b)
Start importing Assets/Prefabs/Little_Big_Planet_3_Odd_Sock 1.prefab using Guid(3ebe787ea9550864da6c1205741464da) Importer(815301076,1909f56bfc062723c751e8b465ee728b)  -> (artifact id: 'f32028f7c6d62472da982d511f8fa473') in 0.514847 seconds
  Import took 0.597964 seconds .

========================================================================
Received Prepare
Refreshing native plugins compatible for Editor in 11.04 ms, found 0 plugins.
Preloading 0 native plugins for Editor in 0.00 ms.
Unloading 7 Unused Serialized files (Serialized files now loaded: 0)
System memory in use before: 42.2 MB.
System memory in use after: 42.3 MB.

Unloading 7 unused Assets to reduce memory usage. Loaded Objects now: 1961.
Total: 9.014700 ms (FindLiveObjects: 0.809100 ms CreateObjectMapping: 0.331900 ms MarkObjects: 7.782800 ms  DeleteObjects: 0.087600 ms)

========================================================================
Received Import Request.
  Time since last request: 144.797637 seconds.
  path: Assets/Prefabs/Little_Big_Planet_3_Odd_Sock.prefab
  artifactKey: Guid(5ab787973ce839441b731d53cbde1910) Importer(815301076,1909f56bfc062723c751e8b465ee728b)
Start importing Assets/Prefabs/Little_Big_Planet_3_Odd_Sock.prefab using Guid(5ab787973ce839441b731d53cbde1910) Importer(815301076,1909f56bfc062723c751e8b465ee728b)  -> (artifact id: 'f8ce66a82df11dba4af796b208a777da') in 0.547281 seconds
  Import took 0.665155 seconds .

========================================================================
Received Prepare
Refreshing native plugins compatible for Editor in 1.52 ms, found 0 plugins.
Preloading 0 native plugins for Editor in 0.00 ms.
Unloading 7 Unused Serialized files (Serialized files now loaded: 0)
System memory in use before: 42.2 MB.
System memory in use after: 42.3 MB.

Unloading 7 unused Assets to reduce memory usage. Loaded Objects now: 1961.
Total: 3.422700 ms (FindLiveObjects: 0.260900 ms CreateObjectMapping: 0.054100 ms MarkObjects: 2.982600 ms  DeleteObjects: 0.123900 ms)

========================================================================
Received Import Request.
  Time since last request: 89.426789 seconds.
  path: Assets/Prefabs/Little_Big_Planet_3_Odd_Sock.prefab
  artifactKey: Guid(5ab787973ce839441b731d53cbde1910) Importer(815301076,1909f56bfc062723c751e8b465ee728b)
Start importing Assets/Prefabs/Little_Big_Planet_3_Odd_Sock.prefab using Guid(5ab787973ce839441b731d53cbde1910) Importer(815301076,1909f56bfc062723c751e8b465ee728b)  -> (artifact id: '1b104b604d52b2a619db62fb851907c6') in 0.118984 seconds
  Import took 0.141379 seconds .

========================================================================
Received Import Request.
  Time since last request: 1.415872 seconds.
  path: Assets/Prefabs/Little_Big_Planet_3_Odd_Sock.prefab
  artifactKey: Guid(5ab787973ce839441b731d53cbde1910) Importer(815301076,1909f56bfc062723c751e8b465ee728b)
Start importing Assets/Prefabs/Little_Big_Planet_3_Odd_Sock.prefab using Guid(5ab787973ce839441b731d53cbde1910) Importer(815301076,1909f56bfc062723c751e8b465ee728b)  -> (artifact id: '1b64abc5cb9fae551f93cb6fac430460') in 0.124981 seconds
  Import took 0.385311 seconds .

========================================================================
Received Import Request.
  Time since last request: 2.093713 seconds.
  path: Assets/Prefabs/Little_Big_Planet_3_Odd_Sock.prefab
  artifactKey: Guid(5ab787973ce839441b731d53cbde1910) Importer(815301076,1909f56bfc062723c751e8b465ee728b)
Start importing Assets/Prefabs/Little_Big_Planet_3_Odd_Sock.prefab using Guid(5ab787973ce839441b731d53cbde1910) Importer(815301076,1909f56bfc062723c751e8b465ee728b)  -> (artifact id: '05aa9c2aef6ac7e1e789779d9fe667b6') in 0.097558 seconds
  Import took 0.114786 seconds .

========================================================================
Received Prepare
Refreshing native plugins compatible for Editor in 1.49 ms, found 0 plugins.
Preloading 0 native plugins for Editor in 0.00 ms.
Unloading 7 Unused Serialized files (Serialized files now loaded: 0)
System memory in use before: 42.3 MB.
System memory in use after: 42.3 MB.

Unloading 7 unused Assets to reduce memory usage. Loaded Objects now: 1961.
Total: 2.742800 ms (FindLiveObjects: 0.215400 ms CreateObjectMapping: 0.046900 ms MarkObjects: 2.388400 ms  DeleteObjects: 0.091100 ms)

========================================================================
Received Import Request.
  Time since last request: 64.784780 seconds.
  path: Assets/Prefabs/Little_Big_Planet_3_Odd_Sock.prefab
  artifactKey: Guid(5ab787973ce839441b731d53cbde1910) Importer(815301076,1909f56bfc062723c751e8b465ee728b)
Start importing Assets/Prefabs/Little_Big_Planet_3_Odd_Sock.prefab using Guid(5ab787973ce839441b731d53cbde1910) Importer(815301076,1909f56bfc062723c751e8b465ee728b)  -> (artifact id: '6b17a9a109120af6427d56b42b03d447') in 0.112776 seconds
  Import took 0.144282 seconds .

========================================================================
Received Import Request.
  Time since last request: 1.224947 seconds.
  path: Assets/Prefabs/Little_Big_Planet_3_Odd_Sock.prefab
  artifactKey: Guid(5ab787973ce839441b731d53cbde1910) Importer(815301076,1909f56bfc062723c751e8b465ee728b)
Start importing Assets/Prefabs/Little_Big_Planet_3_Odd_Sock.prefab using Guid(5ab787973ce839441b731d53cbde1910) Importer(815301076,1909f56bfc062723c751e8b465ee728b)  -> (artifact id: '56217d9fdefd987e12e2a35538fbb0a4') in 0.081002 seconds
  Import took 0.084419 seconds .

========================================================================
Received Import Request.
  Time since last request: 1.768554 seconds.
  path: Assets/Prefabs/Little_Big_Planet_3_Odd_Sock.prefab
  artifactKey: Guid(5ab787973ce839441b731d53cbde1910) Importer(815301076,1909f56bfc062723c751e8b465ee728b)
Start importing Assets/Prefabs/Little_Big_Planet_3_Odd_Sock.prefab using Guid(5ab787973ce839441b731d53cbde1910) Importer(815301076,1909f56bfc062723c751e8b465ee728b)  -> (artifact id: '4799e68404b4555bc87120215e1bbc7d') in 0.077657 seconds
  Import took 0.081055 seconds .

========================================================================
Received Prepare
Refreshing native plugins compatible for Editor in 1.91 ms, found 0 plugins.
Preloading 0 native plugins for Editor in 0.00 ms.
Unloading 7 Unused Serialized files (Serialized files now loaded: 0)
System memory in use before: 42.2 MB.
System memory in use after: 42.3 MB.

Unloading 7 unused Assets to reduce memory usage. Loaded Objects now: 1961.
Total: 9.636800 ms (FindLiveObjects: 0.315000 ms CreateObjectMapping: 0.078900 ms MarkObjects: 9.178600 ms  DeleteObjects: 0.062200 ms)

========================================================================
Received Import Request.
  Time since last request: 113.086218 seconds.
  path: Assets/Prefabs/Glass_Table.prefab
  artifactKey: Guid(fdbaab8c542e7d744b3fb6fc15730aea) Importer(815301076,1909f56bfc062723c751e8b465ee728b)
Start importing Assets/Prefabs/Glass_Table.prefab using Guid(fdbaab8c542e7d744b3fb6fc15730aea) Importer(815301076,1909f56bfc062723c751e8b465ee728b)  -> (artifact id: '4ab7176d240b2530b7d0cfcad64cd265') in 0.378973 seconds
  Import took 0.396091 seconds .

========================================================================
Received Import Request.
  Time since last request: 1.010843 seconds.
  path: Assets/Prefabs/Glass_Table.prefab
  artifactKey: Guid(fdbaab8c542e7d744b3fb6fc15730aea) Importer(815301076,1909f56bfc062723c751e8b465ee728b)
Start importing Assets/Prefabs/Glass_Table.prefab using Guid(fdbaab8c542e7d744b3fb6fc15730aea) Importer(815301076,1909f56bfc062723c751e8b465ee728b)  -> (artifact id: '55e852dc2401871e3f4f42d9711fdf4c') in 0.170885 seconds
  Import took 0.174207 seconds .

========================================================================
Received Import Request.
  Time since last request: 2.443203 seconds.
  path: Assets/Prefabs/Glass_Table.prefab
  artifactKey: Guid(fdbaab8c542e7d744b3fb6fc15730aea) Importer(815301076,1909f56bfc062723c751e8b465ee728b)
Start importing Assets/Prefabs/Glass_Table.prefab using Guid(fdbaab8c542e7d744b3fb6fc15730aea) Importer(815301076,1909f56bfc062723c751e8b465ee728b)  -> (artifact id: '99b37a27d69261d1daca37a64ec9e00c') in 0.192735 seconds
  Import took 0.196759 seconds .

========================================================================
Received Import Request.
  Time since last request: 14.735259 seconds.
  path: Assets/Prefabs/Glass_Table.prefab
  artifactKey: Guid(fdbaab8c542e7d744b3fb6fc15730aea) Importer(815301076,1909f56bfc062723c751e8b465ee728b)
Start importing Assets/Prefabs/Glass_Table.prefab using Guid(fdbaab8c542e7d744b3fb6fc15730aea) Importer(815301076,1909f56bfc062723c751e8b465ee728b)  -> (artifact id: '5617338937dec47f0d93dfa544d7f3e3') in 0.167805 seconds
  Import took 0.171718 seconds .

========================================================================
Received Import Request.
  Time since last request: 4.058954 seconds.
  path: Assets/Prefabs/Glass_Table.prefab
  artifactKey: Guid(fdbaab8c542e7d744b3fb6fc15730aea) Importer(815301076,1909f56bfc062723c751e8b465ee728b)
Start importing Assets/Prefabs/Glass_Table.prefab using Guid(fdbaab8c542e7d744b3fb6fc15730aea) Importer(815301076,1909f56bfc062723c751e8b465ee728b)  -> (artifact id: '048ed9c06d3a2a9aaaf6ac8fbc653edb') in 0.148510 seconds
  Import took 0.160211 seconds .

========================================================================
Received Import Request.
  Time since last request: 11.876808 seconds.
  path: Assets/Prefabs/Glass_Table.prefab
  artifactKey: Guid(fdbaab8c542e7d744b3fb6fc15730aea) Importer(815301076,1909f56bfc062723c751e8b465ee728b)
Start importing Assets/Prefabs/Glass_Table.prefab using Guid(fdbaab8c542e7d744b3fb6fc15730aea) Importer(815301076,1909f56bfc062723c751e8b465ee728b)  -> (artifact id: 'fc7a3e975c7a89ba107dd17cf19ffc0c') in 0.182034 seconds
  Import took 0.201994 seconds .

========================================================================
Received Import Request.
  Time since last request: 0.245009 seconds.
  path: Assets/Prefabs/Glass_Table.prefab
  artifactKey: Guid(fdbaab8c542e7d744b3fb6fc15730aea) Importer(815301076,1909f56bfc062723c751e8b465ee728b)
Start importing Assets/Prefabs/Glass_Table.prefab using Guid(fdbaab8c542e7d744b3fb6fc15730aea) Importer(815301076,1909f56bfc062723c751e8b465ee728b)  -> (artifact id: 'e8f56119a09970dafa6d4e7a3cf640ae') in 0.169504 seconds
  Import took 0.204281 seconds .

========================================================================
Received Import Request.
  Time since last request: 30.651272 seconds.
  path: Assets/Prefabs/Glass_Table.prefab
  artifactKey: Guid(fdbaab8c542e7d744b3fb6fc15730aea) Importer(815301076,1909f56bfc062723c751e8b465ee728b)
Start importing Assets/Prefabs/Glass_Table.prefab using Guid(fdbaab8c542e7d744b3fb6fc15730aea) Importer(815301076,1909f56bfc062723c751e8b465ee728b)  -> (artifact id: '88105123457f2c7a9f4f6cea9445fd0a') in 0.166602 seconds
  Import took 0.170162 seconds .

========================================================================
Received Import Request.
  Time since last request: 10.027204 seconds.
  path: Assets/Prefabs/Glass_Table.prefab
  artifactKey: Guid(fdbaab8c542e7d744b3fb6fc15730aea) Importer(815301076,1909f56bfc062723c751e8b465ee728b)
Start importing Assets/Prefabs/Glass_Table.prefab using Guid(fdbaab8c542e7d744b3fb6fc15730aea) Importer(815301076,1909f56bfc062723c751e8b465ee728b)  -> (artifact id: 'e04cc9ea01d298015cc38d6ab7de5182') in 0.144780 seconds
  Import took 0.147809 seconds .

========================================================================
Received Import Request.
  Time since last request: 12.284843 seconds.
  path: Assets/Prefabs/Glass_Table.prefab
  artifactKey: Guid(fdbaab8c542e7d744b3fb6fc15730aea) Importer(815301076,1909f56bfc062723c751e8b465ee728b)
Start importing Assets/Prefabs/Glass_Table.prefab using Guid(fdbaab8c542e7d744b3fb6fc15730aea) Importer(815301076,1909f56bfc062723c751e8b465ee728b)  -> (artifact id: 'c763854ec934c7b8d5c7febaa073beed') in 0.146233 seconds
  Import took 0.163838 seconds .

========================================================================
Received Import Request.
  Time since last request: 3.920790 seconds.
  path: Assets/Prefabs/Glass_Table.prefab
  artifactKey: Guid(fdbaab8c542e7d744b3fb6fc15730aea) Importer(815301076,1909f56bfc062723c751e8b465ee728b)
Start importing Assets/Prefabs/Glass_Table.prefab using Guid(fdbaab8c542e7d744b3fb6fc15730aea) Importer(815301076,1909f56bfc062723c751e8b465ee728b)  -> (artifact id: 'c881e6c2c159ec8b9f83b2827d99bca7') in 0.149769 seconds
  Import took 0.215895 seconds .

========================================================================
Received Import Request.
  Time since last request: 26.980841 seconds.
  path: Assets/Prefabs/Modern_Couch.prefab
  artifactKey: Guid(642749be78a822944a4c57641a686fc8) Importer(815301076,1909f56bfc062723c751e8b465ee728b)
Start importing Assets/Prefabs/Modern_Couch.prefab using Guid(642749be78a822944a4c57641a686fc8) Importer(815301076,1909f56bfc062723c751e8b465ee728b)  -> (artifact id: '9ab755d700ac3cd5395b8c028d6dc574') in 2.176200 seconds
  Import took 2.184624 seconds .

========================================================================
Received Import Request.
  Time since last request: 0.000732 seconds.
  path: Assets/Prefabs/Modern_Couch.prefab
  artifactKey: Guid(642749be78a822944a4c57641a686fc8) Importer(815301076,1909f56bfc062723c751e8b465ee728b)
Start importing Assets/Prefabs/Modern_Couch.prefab using Guid(642749be78a822944a4c57641a686fc8) Importer(815301076,1909f56bfc062723c751e8b465ee728b)  -> (artifact id: 'a2e6996d18a5af3ccbb89ef66f96372c') in 0.881404 seconds
  Import took 0.887364 seconds .

========================================================================
Received Import Request.
  Time since last request: 0.001596 seconds.
  path: Assets/Prefabs/Modern_Couch.prefab
  artifactKey: Guid(642749be78a822944a4c57641a686fc8) Importer(815301076,1909f56bfc062723c751e8b465ee728b)
Start importing Assets/Prefabs/Modern_Couch.prefab using Guid(642749be78a822944a4c57641a686fc8) Importer(815301076,1909f56bfc062723c751e8b465ee728b)  -> (artifact id: '41de52bf9fcceda2472f0aa003ef2886') in 0.525478 seconds
  Import took 0.546235 seconds .

========================================================================
Received Import Request.
  Time since last request: 0.524983 seconds.
  path: Assets/Prefabs/Modern_Couch.prefab
  artifactKey: Guid(642749be78a822944a4c57641a686fc8) Importer(815301076,1909f56bfc062723c751e8b465ee728b)
Start importing Assets/Prefabs/Modern_Couch.prefab using Guid(642749be78a822944a4c57641a686fc8) Importer(815301076,1909f56bfc062723c751e8b465ee728b)  -> (artifact id: '1ccacd940e1e14ea0b75a0180c4c19ba') in 0.575184 seconds
  Import took 0.614056 seconds .

========================================================================
Received Import Request.
  Time since last request: 4.053261 seconds.
  path: Assets/Prefabs/Modern_Couch.prefab
  artifactKey: Guid(642749be78a822944a4c57641a686fc8) Importer(815301076,1909f56bfc062723c751e8b465ee728b)
Start importing Assets/Prefabs/Modern_Couch.prefab using Guid(642749be78a822944a4c57641a686fc8) Importer(815301076,1909f56bfc062723c751e8b465ee728b)  -> (artifact id: '69a73de090a9a37005361c05bc96de10') in 0.542585 seconds
  Import took 0.560179 seconds .

========================================================================
Received Import Request.
  Time since last request: 2.296759 seconds.
  path: Assets/Prefabs/Modern_Couch.prefab
  artifactKey: Guid(642749be78a822944a4c57641a686fc8) Importer(815301076,1909f56bfc062723c751e8b465ee728b)
Start importing Assets/Prefabs/Modern_Couch.prefab using Guid(642749be78a822944a4c57641a686fc8) Importer(815301076,1909f56bfc062723c751e8b465ee728b)  -> (artifact id: 'f3723cd70e14d81705f2281dcdbf1fd1') in 0.695590 seconds
  Import took 0.703633 seconds .

========================================================================
Received Import Request.
  Time since last request: 0.000492 seconds.
  path: Assets/Prefabs/Modern_Couch.prefab
  artifactKey: Guid(642749be78a822944a4c57641a686fc8) Importer(815301076,1909f56bfc062723c751e8b465ee728b)
Start importing Assets/Prefabs/Modern_Couch.prefab using Guid(642749be78a822944a4c57641a686fc8) Importer(815301076,1909f56bfc062723c751e8b465ee728b)  -> (artifact id: '19a9ca99cf13d4f500bbf1a3a76563c5') in 0.667117 seconds
  Import took 0.725023 seconds .

========================================================================
Received Import Request.
  Time since last request: 7.062146 seconds.
  path: Assets/Prefabs/Modern_Couch.prefab
  artifactKey: Guid(642749be78a822944a4c57641a686fc8) Importer(815301076,1909f56bfc062723c751e8b465ee728b)
Start importing Assets/Prefabs/Modern_Couch.prefab using Guid(642749be78a822944a4c57641a686fc8) Importer(815301076,1909f56bfc062723c751e8b465ee728b)  -> (artifact id: '0d060644ec6b9083083ae77d6d7c288c') in 0.552991 seconds
  Import took 0.594785 seconds .

========================================================================
Received Import Request.
  Time since last request: 1.494707 seconds.
  path: Assets/Prefabs/Modern_Couch.prefab
  artifactKey: Guid(642749be78a822944a4c57641a686fc8) Importer(815301076,1909f56bfc062723c751e8b465ee728b)
Start importing Assets/Prefabs/Modern_Couch.prefab using Guid(642749be78a822944a4c57641a686fc8) Importer(815301076,1909f56bfc062723c751e8b465ee728b)  -> (artifact id: 'aa65f5340cee447263bd56672fb676a4') in 0.689589 seconds
  Import took 0.709225 seconds .

========================================================================
Received Import Request.
  Time since last request: 3.083004 seconds.
  path: Assets/Prefabs/Modern_Couch.prefab
  artifactKey: Guid(642749be78a822944a4c57641a686fc8) Importer(815301076,1909f56bfc062723c751e8b465ee728b)
Start importing Assets/Prefabs/Modern_Couch.prefab using Guid(642749be78a822944a4c57641a686fc8) Importer(815301076,1909f56bfc062723c751e8b465ee728b)  -> (artifact id: '62edf11e106813918be409e592171c9b') in 0.546974 seconds
  Import took 0.551075 seconds .

========================================================================
Received Import Request.
  Time since last request: 8.611700 seconds.
  path: Assets/Prefabs/Modern_Couch.prefab
  artifactKey: Guid(642749be78a822944a4c57641a686fc8) Importer(815301076,1909f56bfc062723c751e8b465ee728b)
Start importing Assets/Prefabs/Modern_Couch.prefab using Guid(642749be78a822944a4c57641a686fc8) Importer(815301076,1909f56bfc062723c751e8b465ee728b)  -> (artifact id: '84c23888ea641b7e6d32e9d6051590d2') in 0.591753 seconds
  Import took 0.597946 seconds .

========================================================================
Received Prepare
Refreshing native plugins compatible for Editor in 1.57 ms, found 0 plugins.
Preloading 0 native plugins for Editor in 0.00 ms.
Unloading 7 Unused Serialized files (Serialized files now loaded: 0)
System memory in use before: 42.4 MB.
System memory in use after: 42.5 MB.

Unloading 7 unused Assets to reduce memory usage. Loaded Objects now: 1961.
Total: 7.957600 ms (FindLiveObjects: 4.354900 ms CreateObjectMapping: 1.398200 ms MarkObjects: 2.131200 ms  DeleteObjects: 0.071900 ms)

========================================================================
Received Prepare
Refreshing native plugins compatible for Editor in 4.75 ms, found 0 plugins.
Preloading 0 native plugins for Editor in 0.00 ms.
Unloading 7 Unused Serialized files (Serialized files now loaded: 0)
System memory in use before: 42.4 MB.
System memory in use after: 42.5 MB.

Unloading 7 unused Assets to reduce memory usage. Loaded Objects now: 1961.
Total: 8.573400 ms (FindLiveObjects: 0.505100 ms CreateObjectMapping: 0.153900 ms MarkObjects: 7.764900 ms  DeleteObjects: 0.145900 ms)

========================================================================
Received Import Request.
  Time since last request: 1293.188798 seconds.
  path: Assets/Scripts/Rotation.cs
  artifactKey: Guid(8e3c302b45164da4a9d2be0182d5dbdc) Importer(815301076,1909f56bfc062723c751e8b465ee728b)
Start importing Assets/Scripts/Rotation.cs using Guid(8e3c302b45164da4a9d2be0182d5dbdc) Importer(815301076,1909f56bfc062723c751e8b465ee728b)  -> (artifact id: '11b8a1fcd484a8e5d8eddef93dc50ebe') in 0.058952 seconds
  Import took 0.249499 seconds .

========================================================================
Received Prepare
Registering precompiled user dll's ...
Registered in 0.001962 seconds.
Begin MonoManager ReloadAssembly
Native extension for WindowsStandalone target not found
Refreshing native plugins compatible for Editor in 0.52 ms, found 0 plugins.
Preloading 0 native plugins for Editor in 0.00 ms.
Invoked RoslynAnalysisRunner static constructor.
RoslynAnalysisRunner will not be running.
RoslynAnalysisRunner has terminated.
Mono: successfully reloaded assembly
- Completed reload, in  2.737 seconds
Platform modules already initialized, skipping
Switching build target platform(5) subTarget(0) extendedPlatform(0) -> platform(13) subTarget(524288) extendedPlatform(0)
Refreshing native plugins compatible for Editor in 0.69 ms, found 0 plugins.
Preloading 0 native plugins for Editor in 0.00 ms.
Unloading 1450 Unused Serialized files (Serialized files now loaded: 0)
System memory in use before: 70.9 MB.
System memory in use after: 71.0 MB.

Unloading 11 unused Assets to reduce memory usage. Loaded Objects now: 1965.
Total: 4.851000 ms (FindLiveObjects: 0.404500 ms CreateObjectMapping: 0.145500 ms MarkObjects: 4.093800 ms  DeleteObjects: 0.204900 ms)

AssetImportParameters requested are different than current active one (requested -> active):
  custom:graphics/normal-map-encoding: 01000000000000000000000000000000 -> 02000000000000000000000000000000
========================================================================
Received Prepare
Registering precompiled user dll's ...
Registered in 0.002002 seconds.
Begin MonoManager ReloadAssembly
Native extension for WindowsStandalone target not found
Refreshing native plugins compatible for Editor in 0.31 ms, found 0 plugins.
Preloading 0 native plugins for Editor in 0.00 ms.
Invoked RoslynAnalysisRunner static constructor.
RoslynAnalysisRunner will not be running.
RoslynAnalysisRunner has terminated.
Mono: successfully reloaded assembly
- Completed reload, in  1.109 seconds
Platform modules already initialized, skipping
Switching build target platform(5) subTarget(0) extendedPlatform(0) -> platform(13) subTarget(524288) extendedPlatform(0)
Refreshing native plugins compatible for Editor in 0.35 ms, found 0 plugins.
Preloading 0 native plugins for Editor in 0.00 ms.
Unloading 1451 Unused Serialized files (Serialized files now loaded: 0)
System memory in use before: 71.0 MB.
System memory in use after: 71.1 MB.

Unloading 11 unused Assets to reduce memory usage. Loaded Objects now: 1969.
Total: 3.755500 ms (FindLiveObjects: 1.160400 ms CreateObjectMapping: 0.260500 ms MarkObjects: 2.184700 ms  DeleteObjects: 0.148500 ms)

AssetImportParameters requested are different than current active one (requested -> active):
  custom:graphics/normal-map-encoding: 01000000000000000000000000000000 -> 02000000000000000000000000000000
========================================================================
Received Import Request.
  Time since last request: 1231.121937 seconds.
  path: Assets/Prefabs/Modern_Couch.prefab
  artifactKey: Guid(642749be78a822944a4c57641a686fc8) Importer(815301076,1909f56bfc062723c751e8b465ee728b)
Start importing Assets/Prefabs/Modern_Couch.prefab using Guid(642749be78a822944a4c57641a686fc8) Importer(815301076,1909f56bfc062723c751e8b465ee728b)  -> (artifact id: 'd2dd281deef9f2475236c12b05e84ace') in 3.288404 seconds
  Import took 3.344077 seconds .

========================================================================
Received Import Request.
  Time since last request: 1.531772 seconds.
  path: Assets/Prefabs/Modern_Couch.prefab
  artifactKey: Guid(642749be78a822944a4c57641a686fc8) Importer(815301076,1909f56bfc062723c751e8b465ee728b)
Start importing Assets/Prefabs/Modern_Couch.prefab using Guid(642749be78a822944a4c57641a686fc8) Importer(815301076,1909f56bfc062723c751e8b465ee728b)  -> (artifact id: 'b52e5a04e96e21fd40fdf10e7da417c9') in 0.694106 seconds
  Import took 0.721669 seconds .

========================================================================
Received Import Request.
  Time since last request: 0.711436 seconds.
  path: Assets/Prefabs/Modern_Couch.prefab
  artifactKey: Guid(642749be78a822944a4c57641a686fc8) Importer(815301076,1909f56bfc062723c751e8b465ee728b)
Start importing Assets/Prefabs/Modern_Couch.prefab using Guid(642749be78a822944a4c57641a686fc8) Importer(815301076,1909f56bfc062723c751e8b465ee728b)  -> (artifact id: '17089063047306dcfe0707e159731f88') in 0.770852 seconds
  Import took 0.815111 seconds .

========================================================================
Received Import Request.
  Time since last request: 19.334078 seconds.
  path: Assets/Materials/transparent.mat
  artifactKey: Guid(8b5028b9465c4524a86cc8d92fd7c37b) Importer(815301076,1909f56bfc062723c751e8b465ee728b)
Start importing Assets/Materials/transparent.mat using Guid(8b5028b9465c4524a86cc8d92fd7c37b) Importer(815301076,1909f56bfc062723c751e8b465ee728b)  -> (artifact id: 'f83c6554b30d2180595c95fbcf9c3fc7') in 0.096388 seconds
  Import took 0.143480 seconds .

========================================================================
Received Import Request.
  Time since last request: 112.760266 seconds.
  path: Assets/Materials/transparent.mat
  artifactKey: Guid(8b5028b9465c4524a86cc8d92fd7c37b) Importer(815301076,1909f56bfc062723c751e8b465ee728b)
Start importing Assets/Materials/transparent.mat using Guid(8b5028b9465c4524a86cc8d92fd7c37b) Importer(815301076,1909f56bfc062723c751e8b465ee728b)  -> (artifact id: 'd0daac59b6d8afd3558784e834393437') in 0.204313 seconds
  Import took 0.236656 seconds .

========================================================================
Received Prepare
Registering precompiled user dll's ...
Registered in 0.001956 seconds.
Begin MonoManager ReloadAssembly
Native extension for WindowsStandalone target not found
Refreshing native plugins compatible for Editor in 0.37 ms, found 0 plugins.
Preloading 0 native plugins for Editor in 0.00 ms.
Invoked RoslynAnalysisRunner static constructor.
RoslynAnalysisRunner will not be running.
RoslynAnalysisRunner has terminated.
Mono: successfully reloaded assembly
- Completed reload, in  1.704 seconds
Platform modules already initialized, skipping
Switching build target platform(5) subTarget(0) extendedPlatform(0) -> platform(13) subTarget(524288) extendedPlatform(0)
Refreshing native plugins compatible for Editor in 0.33 ms, found 0 plugins.
Preloading 0 native plugins for Editor in 0.00 ms.
Unloading 1451 Unused Serialized files (Serialized files now loaded: 0)
System memory in use before: 71.1 MB.
System memory in use after: 71.1 MB.

Unloading 12 unused Assets to reduce memory usage. Loaded Objects now: 1975.
Total: 2.531500 ms (FindLiveObjects: 0.306100 ms CreateObjectMapping: 0.087500 ms MarkObjects: 2.016600 ms  DeleteObjects: 0.118500 ms)

AssetImportParameters requested are different than current active one (requested -> active):
  custom:graphics/normal-map-encoding: 01000000000000000000000000000000 -> 02000000000000000000000000000000
========================================================================
Received Prepare
Refreshing native plugins compatible for Editor in 4.24 ms, found 0 plugins.
Preloading 0 native plugins for Editor in 0.00 ms.
Unloading 8 Unused Serialized files (Serialized files now loaded: 0)
System memory in use before: 42.3 MB.
System memory in use after: 42.4 MB.

Unloading 7 unused Assets to reduce memory usage. Loaded Objects now: 1976.
Total: 3.130500 ms (FindLiveObjects: 0.208700 ms CreateObjectMapping: 0.099500 ms MarkObjects: 2.379200 ms  DeleteObjects: 0.441300 ms)

========================================================================
Received Prepare
Registering precompiled user dll's ...
Registered in 0.005210 seconds.
Begin MonoManager ReloadAssembly
Native extension for WindowsStandalone target not found
Refreshing native plugins compatible for Editor in 0.30 ms, found 0 plugins.
Preloading 0 native plugins for Editor in 0.00 ms.
Invoked RoslynAnalysisRunner static constructor.
RoslynAnalysisRunner will not be running.
RoslynAnalysisRunner has terminated.
Mono: successfully reloaded assembly
- Completed reload, in  1.199 seconds
Platform modules already initialized, skipping
Switching build target platform(5) subTarget(0) extendedPlatform(0) -> platform(13) subTarget(524288) extendedPlatform(0)
Refreshing native plugins compatible for Editor in 1.01 ms, found 0 plugins.
Preloading 0 native plugins for Editor in 0.00 ms.
Unloading 1450 Unused Serialized files (Serialized files now loaded: 0)
System memory in use before: 71.0 MB.
System memory in use after: 71.1 MB.

Unloading 10 unused Assets to reduce memory usage. Loaded Objects now: 1980.
Total: 5.272200 ms (FindLiveObjects: 0.637100 ms CreateObjectMapping: 0.150000 ms MarkObjects: 4.322400 ms  DeleteObjects: 0.159600 ms)

AssetImportParameters requested are different than current active one (requested -> active):
  custom:graphics/normal-map-encoding: 01000000000000000000000000000000 -> 02000000000000000000000000000000
========================================================================
Received Prepare
Refreshing native plugins compatible for Editor in 2.26 ms, found 0 plugins.
Preloading 0 native plugins for Editor in 0.00 ms.
Unloading 7 Unused Serialized files (Serialized files now loaded: 0)
System memory in use before: 42.3 MB.
System memory in use after: 42.3 MB.

Unloading 7 unused Assets to reduce memory usage. Loaded Objects now: 1980.
Total: 2.527800 ms (FindLiveObjects: 0.215200 ms CreateObjectMapping: 0.054300 ms MarkObjects: 2.171600 ms  DeleteObjects: 0.085100 ms)

========================================================================
Received Prepare
Registering precompiled user dll's ...
Registered in 0.002047 seconds.
Begin MonoManager ReloadAssembly
Native extension for WindowsStandalone target not found
Refreshing native plugins compatible for Editor in 0.31 ms, found 0 plugins.
Preloading 0 native plugins for Editor in 0.00 ms.
Invoked RoslynAnalysisRunner static constructor.
RoslynAnalysisRunner will not be running.
RoslynAnalysisRunner has terminated.
Mono: successfully reloaded assembly
- Completed reload, in  1.175 seconds
Platform modules already initialized, skipping
Switching build target platform(5) subTarget(0) extendedPlatform(0) -> platform(13) subTarget(524288) extendedPlatform(0)
Refreshing native plugins compatible for Editor in 0.37 ms, found 0 plugins.
Preloading 0 native plugins for Editor in 0.00 ms.
Unloading 1450 Unused Serialized files (Serialized files now loaded: 0)
System memory in use before: 71.0 MB.
System memory in use after: 71.1 MB.

Unloading 10 unused Assets to reduce memory usage. Loaded Objects now: 1984.
Total: 2.011000 ms (FindLiveObjects: 0.208400 ms CreateObjectMapping: 0.049300 ms MarkObjects: 1.671100 ms  DeleteObjects: 0.080900 ms)

AssetImportParameters requested are different than current active one (requested -> active):
  custom:graphics/normal-map-encoding: 01000000000000000000000000000000 -> 02000000000000000000000000000000
========================================================================
Received Prepare
Refreshing native plugins compatible for Editor in 17.02 ms, found 0 plugins.
Preloading 0 native plugins for Editor in 0.00 ms.
Unloading 7 Unused Serialized files (Serialized files now loaded: 0)
System memory in use before: 42.3 MB.
System memory in use after: 42.4 MB.

Unloading 7 unused Assets to reduce memory usage. Loaded Objects now: 1984.
Total: 8.901600 ms (FindLiveObjects: 1.224200 ms CreateObjectMapping: 0.621300 ms MarkObjects: 6.907000 ms  DeleteObjects: 0.145500 ms)

AssetImportWorkerClient::OnTransportError - code=2 error=End of file
